<?xml version="1.0" encoding="UTF-8"?>
<!-- Generated by org.testng.reporters.JUnitReportReporter -->
<testsuite hostname="LHTU05CG0160BPS" failures="0" tests="1" name="com.qa.tests.PostAPITest" time="2.677" errors="0" timestamp="2023-10-09T19:48:54 IST" skipped="0">
  <testcase classname="com.qa.tests.PostAPITest" name="postAPITest" time="2.677"/>
</testsuite> <!-- com.qa.tests.PostAPITest -->
